Invalid HTTP_HOST header: '127.0.0.1:8000'. You may need to add '127.0.0.1' to ALLOWED_HOSTS.
Traceback (most recent call last):
  File "c:\Users\jossf\anaconda3\Lib\site-packages\django\core\handlers\exception.py", line 55, in inner
    response = get_response(request)
               ^^^^^^^^^^^^^^^^^^^^^
  File "c:\Users\jossf\anaconda3\Lib\site-packages\django\utils\deprecation.py", line 128, in __call__
    response = self.process_request(request)
               ^^^^^^^^^^^^^^^^^^^^^^^^^^^^^
  File "c:\Users\jossf\anaconda3\Lib\site-packages\django\middleware\common.py", line 48, in process_request
    host = request.get_host()
           ^^^^^^^^^^^^^^^^^^
  File "c:\Users\jossf\anaconda3\Lib\site-packages\django\http\request.py", line 151, in get_host
    raise DisallowedHost(msg)
django.core.exceptions.DisallowedHost: Invalid HTTP_HOST header: '127.0.0.1:8000'. You may need to add '127.0.0.1' to ALLOWED_HOSTS.
Invalid HTTP_HOST header: '127.0.0.1:8000'. You may need to add '127.0.0.1' to ALLOWED_HOSTS.
Traceback (most recent call last):
  File "c:\Users\jossf\anaconda3\Lib\site-packages\django\core\handlers\exception.py", line 55, in inner
    response = get_response(request)
               ^^^^^^^^^^^^^^^^^^^^^
  File "c:\Users\jossf\anaconda3\Lib\site-packages\django\utils\deprecation.py", line 128, in __call__
    response = self.process_request(request)
               ^^^^^^^^^^^^^^^^^^^^^^^^^^^^^
  File "c:\Users\jossf\anaconda3\Lib\site-packages\django\middleware\common.py", line 48, in process_request
    host = request.get_host()
           ^^^^^^^^^^^^^^^^^^
  File "c:\Users\jossf\anaconda3\Lib\site-packages\django\http\request.py", line 151, in get_host
    raise DisallowedHost(msg)
django.core.exceptions.DisallowedHost: Invalid HTTP_HOST header: '127.0.0.1:8000'. You may need to add '127.0.0.1' to ALLOWED_HOSTS.
Invalid HTTP_HOST header: '127.0.0.1:8000'. You may need to add '127.0.0.1' to ALLOWED_HOSTS.
Traceback (most recent call last):
  File "c:\Users\jossf\anaconda3\Lib\site-packages\django\core\handlers\exception.py", line 55, in inner
    response = get_response(request)
               ^^^^^^^^^^^^^^^^^^^^^
  File "c:\Users\jossf\anaconda3\Lib\site-packages\django\utils\deprecation.py", line 128, in __call__
    response = self.process_request(request)
               ^^^^^^^^^^^^^^^^^^^^^^^^^^^^^
  File "c:\Users\jossf\anaconda3\Lib\site-packages\django\middleware\common.py", line 48, in process_request
    host = request.get_host()
           ^^^^^^^^^^^^^^^^^^
  File "c:\Users\jossf\anaconda3\Lib\site-packages\django\http\request.py", line 151, in get_host
    raise DisallowedHost(msg)
django.core.exceptions.DisallowedHost: Invalid HTTP_HOST header: '127.0.0.1:8000'. You may need to add '127.0.0.1' to ALLOWED_HOSTS.
Invalid HTTP_HOST header: '127.0.0.1:8000'. You may need to add '127.0.0.1' to ALLOWED_HOSTS.
Traceback (most recent call last):
  File "c:\Users\jossf\anaconda3\Lib\site-packages\django\core\handlers\exception.py", line 55, in inner
    response = get_response(request)
               ^^^^^^^^^^^^^^^^^^^^^
  File "c:\Users\jossf\anaconda3\Lib\site-packages\django\utils\deprecation.py", line 128, in __call__
    response = self.process_request(request)
               ^^^^^^^^^^^^^^^^^^^^^^^^^^^^^
  File "c:\Users\jossf\anaconda3\Lib\site-packages\django\middleware\common.py", line 48, in process_request
    host = request.get_host()
           ^^^^^^^^^^^^^^^^^^
  File "c:\Users\jossf\anaconda3\Lib\site-packages\django\http\request.py", line 151, in get_host
    raise DisallowedHost(msg)
django.core.exceptions.DisallowedHost: Invalid HTTP_HOST header: '127.0.0.1:8000'. You may need to add '127.0.0.1' to ALLOWED_HOSTS.
Invalid HTTP_HOST header: '127.0.0.1:8000'. You may need to add '127.0.0.1' to ALLOWED_HOSTS.
Traceback (most recent call last):
  File "c:\Users\jossf\anaconda3\Lib\site-packages\django\core\handlers\exception.py", line 55, in inner
    response = get_response(request)
               ^^^^^^^^^^^^^^^^^^^^^
  File "c:\Users\jossf\anaconda3\Lib\site-packages\django\utils\deprecation.py", line 128, in __call__
    response = self.process_request(request)
               ^^^^^^^^^^^^^^^^^^^^^^^^^^^^^
  File "c:\Users\jossf\anaconda3\Lib\site-packages\django\middleware\common.py", line 48, in process_request
    host = request.get_host()
           ^^^^^^^^^^^^^^^^^^
  File "c:\Users\jossf\anaconda3\Lib\site-packages\django\http\request.py", line 151, in get_host
    raise DisallowedHost(msg)
django.core.exceptions.DisallowedHost: Invalid HTTP_HOST header: '127.0.0.1:8000'. You may need to add '127.0.0.1' to ALLOWED_HOSTS.
Invalid HTTP_HOST header: '127.0.0.1:8000'. You may need to add '127.0.0.1' to ALLOWED_HOSTS.
Traceback (most recent call last):
  File "c:\Users\jossf\anaconda3\Lib\site-packages\django\core\handlers\exception.py", line 55, in inner
    response = get_response(request)
               ^^^^^^^^^^^^^^^^^^^^^
  File "c:\Users\jossf\anaconda3\Lib\site-packages\django\utils\deprecation.py", line 128, in __call__
    response = self.process_request(request)
               ^^^^^^^^^^^^^^^^^^^^^^^^^^^^^
  File "c:\Users\jossf\anaconda3\Lib\site-packages\django\middleware\common.py", line 48, in process_request
    host = request.get_host()
           ^^^^^^^^^^^^^^^^^^
  File "c:\Users\jossf\anaconda3\Lib\site-packages\django\http\request.py", line 151, in get_host
    raise DisallowedHost(msg)
django.core.exceptions.DisallowedHost: Invalid HTTP_HOST header: '127.0.0.1:8000'. You may need to add '127.0.0.1' to ALLOWED_HOSTS.
Internal Server Error: /api/search
Traceback (most recent call last):
  File "c:\Users\jossf\anaconda3\Lib\site-packages\django\core\handlers\exception.py", line 55, in inner
    response = get_response(request)
               ^^^^^^^^^^^^^^^^^^^^^
  File "c:\Users\jossf\anaconda3\Lib\site-packages\django\utils\deprecation.py", line 131, in __call__
    response = self.process_response(request, response)
               ^^^^^^^^^^^^^^^^^^^^^^^^^^^^^^^^^^^^^^^^
  File "c:\Users\jossf\anaconda3\Lib\site-packages\django\middleware\common.py", line 108, in process_response
    return self.response_redirect_class(self.get_full_path_with_slash(request))
                                        ^^^^^^^^^^^^^^^^^^^^^^^^^^^^^^^^^^^^^^
  File "c:\Users\jossf\anaconda3\Lib\site-packages\django\middleware\common.py", line 87, in get_full_path_with_slash
    raise RuntimeError(
RuntimeError: You called this URL via POST, but the URL doesn't end in a slash and you have APPEND_SLASH set. Django can't redirect to the slash URL while maintaining POST data. Change your form to point to 127.0.0.1:8000/api/search/ (note the trailing slash), or set APPEND_SLASH=False in your Django settings.
"POST /api/search HTTP/1.1" 500 82819
Internal Server Error: /api/search
Traceback (most recent call last):
  File "c:\Users\jossf\anaconda3\Lib\site-packages\django\core\handlers\exception.py", line 55, in inner
    response = get_response(request)
               ^^^^^^^^^^^^^^^^^^^^^
  File "c:\Users\jossf\anaconda3\Lib\site-packages\django\utils\deprecation.py", line 131, in __call__
    response = self.process_response(request, response)
               ^^^^^^^^^^^^^^^^^^^^^^^^^^^^^^^^^^^^^^^^
  File "c:\Users\jossf\anaconda3\Lib\site-packages\django\middleware\common.py", line 108, in process_response
    return self.response_redirect_class(self.get_full_path_with_slash(request))
                                        ^^^^^^^^^^^^^^^^^^^^^^^^^^^^^^^^^^^^^^
  File "c:\Users\jossf\anaconda3\Lib\site-packages\django\middleware\common.py", line 87, in get_full_path_with_slash
    raise RuntimeError(
RuntimeError: You called this URL via POST, but the URL doesn't end in a slash and you have APPEND_SLASH set. Django can't redirect to the slash URL while maintaining POST data. Change your form to point to 127.0.0.1:8000/api/search/ (note the trailing slash), or set APPEND_SLASH=False in your Django settings.
"POST /api/search HTTP/1.1" 500 82819
Fingerprint generation error: Error opening 'C:\\Users\\jossf\\AppData\\Local\\Temp\\tmpf4vwhhpu\\recording.webm': Format not recognised.
Fingerprint generation error: Error opening 'C:\\Users\\jossf\\AppData\\Local\\Temp\\tmp4f3_36fd\\recording.webm': Format not recognised.
Fingerprint generation error: Error opening 'C:\\Users\\jossf\\AppData\\Local\\Temp\\tmpfz8lg7tn\\recording.webm': Format not recognised.
Fingerprint generation error: Error opening 'C:\\Users\\jossf\\AppData\\Local\\Temp\\tmp809ld1cf\\recording.webm': Format not recognised.
Song matching error: 'super' object has no attribute 'calculate_word_similarity'
Song matching error: 'super' object has no attribute 'calculate_word_similarity'
Error extracting lyrics from audio: 
Error extracting lyrics from audio: 
Error extracting lyrics from audio: 
Error extracting lyrics from audio: 
Error extracting lyrics from audio: 
Error extracting lyrics from audio: 
Error extracting lyrics from audio: 
Error extracting lyrics from audio: 
Error extracting lyrics from audio: 
Error extracting lyrics from audio: 
Error extracting lyrics from audio: 
Error extracting lyrics from audio: 
Error extracting lyrics from audio: 
Error extracting lyrics from audio: 
Error extracting lyrics from audio: 
Error extracting lyrics from audio: 
Error extracting lyrics from audio: 
Error extracting lyrics from audio: 
Error extracting lyrics from audio: 
Error extracting lyrics from audio: Audio file could not be read as PCM WAV, AIFF/AIFF-C, or Native FLAC; check if file is corrupted or in another format
Error extracting lyrics from audio: Audio file could not be read as PCM WAV, AIFF/AIFF-C, or Native FLAC; check if file is corrupted or in another format
Error extracting lyrics from audio: Audio file could not be read as PCM WAV, AIFF/AIFF-C, or Native FLAC; check if file is corrupted or in another format
Invalid HTTP_HOST header: '127.0.0.1:8000'. You may need to add '127.0.0.1' to ALLOWED_HOSTS.
Traceback (most recent call last):
  File "c:\Users\jossf\anaconda3\Lib\site-packages\django\core\handlers\exception.py", line 55, in inner
    response = get_response(request)
               ^^^^^^^^^^^^^^^^^^^^^
  File "c:\Users\jossf\anaconda3\Lib\site-packages\django\utils\deprecation.py", line 128, in __call__
    response = self.process_request(request)
               ^^^^^^^^^^^^^^^^^^^^^^^^^^^^^
  File "c:\Users\jossf\anaconda3\Lib\site-packages\django\middleware\common.py", line 48, in process_request
    host = request.get_host()
           ^^^^^^^^^^^^^^^^^^
  File "c:\Users\jossf\anaconda3\Lib\site-packages\django\http\request.py", line 151, in get_host
    raise DisallowedHost(msg)
django.core.exceptions.DisallowedHost: Invalid HTTP_HOST header: '127.0.0.1:8000'. You may need to add '127.0.0.1' to ALLOWED_HOSTS.
Invalid HTTP_HOST header: '127.0.0.1:8000'. You may need to add '127.0.0.1' to ALLOWED_HOSTS.
Traceback (most recent call last):
  File "c:\Users\jossf\anaconda3\Lib\site-packages\django\core\handlers\exception.py", line 55, in inner
    response = get_response(request)
               ^^^^^^^^^^^^^^^^^^^^^
  File "c:\Users\jossf\anaconda3\Lib\site-packages\django\utils\deprecation.py", line 128, in __call__
    response = self.process_request(request)
               ^^^^^^^^^^^^^^^^^^^^^^^^^^^^^
  File "c:\Users\jossf\anaconda3\Lib\site-packages\django\middleware\common.py", line 48, in process_request
    host = request.get_host()
           ^^^^^^^^^^^^^^^^^^
  File "c:\Users\jossf\anaconda3\Lib\site-packages\django\http\request.py", line 151, in get_host
    raise DisallowedHost(msg)
django.core.exceptions.DisallowedHost: Invalid HTTP_HOST header: '127.0.0.1:8000'. You may need to add '127.0.0.1' to ALLOWED_HOSTS.
Invalid HTTP_HOST header: '127.0.0.1:8000'. You may need to add '127.0.0.1' to ALLOWED_HOSTS.
Traceback (most recent call last):
  File "c:\Users\jossf\anaconda3\Lib\site-packages\django\core\handlers\exception.py", line 55, in inner
    response = get_response(request)
               ^^^^^^^^^^^^^^^^^^^^^
  File "c:\Users\jossf\anaconda3\Lib\site-packages\django\utils\deprecation.py", line 128, in __call__
    response = self.process_request(request)
               ^^^^^^^^^^^^^^^^^^^^^^^^^^^^^
  File "c:\Users\jossf\anaconda3\Lib\site-packages\django\middleware\common.py", line 48, in process_request
    host = request.get_host()
           ^^^^^^^^^^^^^^^^^^
  File "c:\Users\jossf\anaconda3\Lib\site-packages\django\http\request.py", line 151, in get_host
    raise DisallowedHost(msg)
django.core.exceptions.DisallowedHost: Invalid HTTP_HOST header: '127.0.0.1:8000'. You may need to add '127.0.0.1' to ALLOWED_HOSTS.
Invalid HTTP_HOST header: '127.0.0.1:8000'. You may need to add '127.0.0.1' to ALLOWED_HOSTS.
Traceback (most recent call last):
  File "c:\Users\jossf\anaconda3\Lib\site-packages\django\core\handlers\exception.py", line 55, in inner
    response = get_response(request)
               ^^^^^^^^^^^^^^^^^^^^^
  File "c:\Users\jossf\anaconda3\Lib\site-packages\django\utils\deprecation.py", line 128, in __call__
    response = self.process_request(request)
               ^^^^^^^^^^^^^^^^^^^^^^^^^^^^^
  File "c:\Users\jossf\anaconda3\Lib\site-packages\django\middleware\common.py", line 48, in process_request
    host = request.get_host()
           ^^^^^^^^^^^^^^^^^^
  File "c:\Users\jossf\anaconda3\Lib\site-packages\django\http\request.py", line 151, in get_host
    raise DisallowedHost(msg)
django.core.exceptions.DisallowedHost: Invalid HTTP_HOST header: '127.0.0.1:8000'. You may need to add '127.0.0.1' to ALLOWED_HOSTS.
Invalid HTTP_HOST header: '127.0.0.1:8000'. You may need to add '127.0.0.1' to ALLOWED_HOSTS.
Traceback (most recent call last):
  File "c:\Users\jossf\anaconda3\Lib\site-packages\django\core\handlers\exception.py", line 55, in inner
    response = get_response(request)
               ^^^^^^^^^^^^^^^^^^^^^
  File "c:\Users\jossf\anaconda3\Lib\site-packages\django\utils\deprecation.py", line 128, in __call__
    response = self.process_request(request)
               ^^^^^^^^^^^^^^^^^^^^^^^^^^^^^
  File "c:\Users\jossf\anaconda3\Lib\site-packages\django\middleware\common.py", line 48, in process_request
    host = request.get_host()
           ^^^^^^^^^^^^^^^^^^
  File "c:\Users\jossf\anaconda3\Lib\site-packages\django\http\request.py", line 151, in get_host
    raise DisallowedHost(msg)
django.core.exceptions.DisallowedHost: Invalid HTTP_HOST header: '127.0.0.1:8000'. You may need to add '127.0.0.1' to ALLOWED_HOSTS.
Invalid HTTP_HOST header: '127.0.0.1:8000'. You may need to add '127.0.0.1' to ALLOWED_HOSTS.
Traceback (most recent call last):
  File "c:\Users\jossf\anaconda3\Lib\site-packages\django\core\handlers\exception.py", line 55, in inner
    response = get_response(request)
               ^^^^^^^^^^^^^^^^^^^^^
  File "c:\Users\jossf\anaconda3\Lib\site-packages\django\utils\deprecation.py", line 128, in __call__
    response = self.process_request(request)
               ^^^^^^^^^^^^^^^^^^^^^^^^^^^^^
  File "c:\Users\jossf\anaconda3\Lib\site-packages\django\middleware\common.py", line 48, in process_request
    host = request.get_host()
           ^^^^^^^^^^^^^^^^^^
  File "c:\Users\jossf\anaconda3\Lib\site-packages\django\http\request.py", line 151, in get_host
    raise DisallowedHost(msg)
django.core.exceptions.DisallowedHost: Invalid HTTP_HOST header: '127.0.0.1:8000'. You may need to add '127.0.0.1' to ALLOWED_HOSTS.
Error extracting lyrics from audio: Audio file could not be read as PCM WAV, AIFF/AIFF-C, or Native FLAC; check if file is corrupted or in another format
Error extracting lyrics from audio: Audio file could not be read as PCM WAV, AIFF/AIFF-C, or Native FLAC; check if file is corrupted or in another format
Error extracting lyrics from audio: Audio file could not be read as PCM WAV, AIFF/AIFF-C, or Native FLAC; check if file is corrupted or in another format
Search API error: 'AIMusicalFingerprintEngine' object has no attribute 'prepare_text_features'
Internal Server Error: /api/search/
"POST /api/search/ HTTP/1.1" 500 52
Search API error: 'AIMusicalFingerprintEngine' object has no attribute 'clean_text'
Internal Server Error: /api/search/
"POST /api/search/ HTTP/1.1" 500 52
Fingerprint generation error: 'AIMusicalFingerprintEngine' object has no attribute 'generate_audio_fingerprint'
Fingerprint generation error: 'AIMusicalFingerprintEngine' object has no attribute 'generate_audio_fingerprint'
Fingerprint generation error: 'AIMusicalFingerprintEngine' object has no attribute 'generate_audio_fingerprint'
Song matching error: 'AIMusicalFingerprintEngine' object has no attribute 'generate_audio_fingerprint'
Fingerprint generation error: 'AIMusicalFingerprintEngine' object has no attribute 'generate_audio_fingerprint'
Fingerprint generation error: 'AIMusicalFingerprintEngine' object has no attribute 'generate_audio_fingerprint'
Fingerprint generation error: 'AIMusicalFingerprintEngine' object has no attribute 'generate_audio_fingerprint'
Song matching error: 'AIMusicalFingerprintEngine' object has no attribute 'generate_audio_fingerprint'
Fingerprint generation error: 'AIMusicalFingerprintEngine' object has no attribute 'generate_audio_fingerprint'
Fingerprint generation error: 'AIMusicalFingerprintEngine' object has no attribute 'generate_audio_fingerprint'
Fingerprint generation error: 'AIMusicalFingerprintEngine' object has no attribute 'generate_audio_fingerprint'
Song matching error: 'AIMusicalFingerprintEngine' object has no attribute 'generate_audio_fingerprint'
Song matching error: 'AIMusicalFingerprintEngine' object has no attribute 'calculate_word_similarity'
Search API error: [WinError 145] The directory is not empty: 'C:\\Users\\jossf\\AppData\\Local\\Temp\\tmp3onb7gqh'
Internal Server Error: /api/search/
Song matching error: 'AIMusicalFingerprintEngine' object has no attribute 'calculate_word_similarity'
Search API error: [WinError 145] The directory is not empty: 'C:\\Users\\jossf\\AppData\\Local\\Temp\\tmpo3wafys4'
Internal Server Error: /api/search/
Feature preparation error: 'AIMusicalFingerprintEngine' object has no attribute '_clean_text'
Song matching error: type object 'AudioSimilarityEngine' has no attribute 'generate_fingerprint'
Search API error: 'AIMusicalFingerprintEngine' object has no attribute '_no_match_result'
Internal Server Error: /api/search/
"POST /api/search/ HTTP/1.1" 500 52
Feature preparation error: TextSimilarityEngine.clean_text() missing 1 required positional argument: 'text'
Song matching error: AudioSimilarityEngine.generate_audio_fingerprint() missing 1 required positional argument: 'audio_path'
Feature preparation error: TextSimilarityEngine.clean_text() missing 1 required positional argument: 'text'
Song matching error: AudioSimilarityEngine.generate_audio_fingerprint() missing 1 required positional argument: 'audio_path'
Feature preparation error: TextSimilarityEngine.clean_text() missing 1 required positional argument: 'text'
Song matching error: type object 'MusicSimilarityEngine' has no attribute 'extract_features'
Search API error: [WinError 145] The directory is not empty: 'C:\\Users\\jossf\\AppData\\Local\\Temp\\tmp99j5pex2'
Internal Server Error: /api/search/
"POST /api/search/ HTTP/1.1" 500 52
Fingerprint generation error: 'AIMusicalFingerprintEngine' object has no attribute '_download_audio'
Fingerprint generation error: 'AIMusicalFingerprintEngine' object has no attribute '_download_audio'
Fingerprint generation error: 'AIMusicalFingerprintEngine' object has no attribute '_download_audio'
Song matching error: type object 'MusicSimilarityEngine' has no attribute 'extract_features'
Search API error: Unsupported media type "application/octet-stream" in request.
Internal Server Error: /api/search/
"POST /api/search/ HTTP/1.1" 500 52
Search API error: Unsupported media type "application/octet-stream" in request.
Internal Server Error: /api/search/
"POST /api/search/ HTTP/1.1" 500 52
Search API error: Unsupported media type "application/octet-stream" in request.
Internal Server Error: /api/search/
"POST /api/search/ HTTP/1.1" 500 52
Search API error: Unsupported media type "application/octet-stream" in request.
Internal Server Error: /api/search/
"POST /api/search/ HTTP/1.1" 500 52
Search API error: Multipart form parse error - Request max total header size exceeded.
Internal Server Error: /api/search/
"POST /api/search/ HTTP/1.1" 500 52
Search API error: Multipart form parse error - Request max total header size exceeded.
Internal Server Error: /api/search/
"POST /api/search/ HTTP/1.1" 500 52
Search API error: Multipart form parse error - Request max total header size exceeded.
Internal Server Error: /api/search/
"POST /api/search/ HTTP/1.1" 500 52
Search API error: Multipart form parse error - Request max total header size exceeded.
Internal Server Error: /api/search/
"POST /api/search/ HTTP/1.1" 500 52
Search API error: Multipart form parse error - Request max total header size exceeded.
Internal Server Error: /api/search/
"POST /api/search/ HTTP/1.1" 500 52
Search API error: Multipart form parse error - Request max total header size exceeded.
Internal Server Error: /api/search/
"POST /api/search/ HTTP/1.1" 500 52
Search API error: Multipart form parse error - Request max total header size exceeded.
Internal Server Error: /api/search/
"POST /api/search/ HTTP/1.1" 500 52
Search API error: Multipart form parse error - Request max total header size exceeded.
Internal Server Error: /api/search/
"POST /api/search/ HTTP/1.1" 500 52
Search API error: Multipart form parse error - Request max total header size exceeded.
Internal Server Error: /api/search/
"POST /api/search/ HTTP/1.1" 500 52
Fingerprint generation error: type object 'AudioSimilarityEngine' has no attribute 'download_audio'
Fingerprint generation error: type object 'AudioSimilarityEngine' has no attribute 'download_audio'
Fingerprint generation error: type object 'AudioSimilarityEngine' has no attribute 'download_audio'
Fingerprint generation error: type object 'AudioSimilarityEngine' has no attribute 'download_audio'
Fingerprint generation error: type object 'AudioSimilarityEngine' has no attribute 'download_audio'
Fingerprint generation error: type object 'AudioSimilarityEngine' has no attribute 'download_audio'
Audio file not found at: https://res.cloudinary.com/dutlw7bko/video/upload/v1732767187/music-clutch/golden_hour_jao7gd.mp3
Audio file not found at: https://res.cloudinary.com/dutlw7bko/video/upload/v1732767181/music-clutch/sadrah_jkytcl.mp3
Audio file not found at: https://res.cloudinary.com/dutlw7bko/video/upload/v1732767181/music-clutch/die_with_a_smile_hg9tbz.mp3
Audio file not found at: https://res.cloudinary.com/dutlw7bko/video/upload/v1732767187/music-clutch/golden_hour_jao7gd.mp3
Audio file not found at: https://res.cloudinary.com/dutlw7bko/video/upload/v1732767181/music-clutch/sadrah_jkytcl.mp3
Audio file not found at: https://res.cloudinary.com/dutlw7bko/video/upload/v1732767181/music-clutch/die_with_a_smile_hg9tbz.mp3
Audio file not found at: https://res.cloudinary.com/dutlw7bko/video/upload/v1732767187/music-clutch/golden_hour_jao7gd.mp3
Audio file not found at: https://res.cloudinary.com/dutlw7bko/video/upload/v1732767181/music-clutch/sadrah_jkytcl.mp3
Audio file not found at: https://res.cloudinary.com/dutlw7bko/video/upload/v1732767181/music-clutch/die_with_a_smile_hg9tbz.mp3
Audio file not found at: https://res.cloudinary.com/dutlw7bko/video/upload/v1732767187/music-clutch/golden_hour_jao7gd.mp3
Audio file not found at: https://res.cloudinary.com/dutlw7bko/video/upload/v1732767181/music-clutch/sadrah_jkytcl.mp3
Audio file not found at: https://res.cloudinary.com/dutlw7bko/video/upload/v1732767181/music-clutch/die_with_a_smile_hg9tbz.mp3
Audio file not found at: ../music/golden_hour.mp3
Audio file not found at: ../music/sadrah.mp3
Audio file not found at: ../music/die_with_a_smile.mp3
Audio file not found at: music/golden_hour.mp3
Audio file not found at: music/sadrah.mp3
Audio file not found at: music/die_with_a_smile.mp3
Audio file not found at: music/golden_hour.mp3
Audio file not found at: music/sadrah.mp3
Audio file not found at: music/die_with_a_smile.mp3
Audio file not found at: music/golden_hour.mp3
Audio file not found at: music/sadrah.mp3
Audio file not found at: music/die_with_a_smile.mp3
Audio file not found at: music/golden_hour.mp3
Audio file not found at: music/sadrah.mp3
Audio file not found at: music/die_with_a_smile.mp3
Audio file not found: music/golden_hour.mp3
Audio file not found: music/sadrah.mp3
Audio file not found: music/die_with_a_smile.mp3
